2022-12-05 08:16:56.919 [main] ERROR org.springframework.boot.SpringApplication:820 - Application run failed
org.springframework.beans.factory.BeanCreationException: Error creating bean with name 'cacheManager': Instantiation of supplied bean failed
	at org.springframework.beans.factory.support.AbstractAutowireCapableBeanFactory.obtainInstanceFromSupplier(AbstractAutowireCapableBeanFactory.java:1236)
	at org.springframework.beans.factory.support.AbstractAutowireCapableBeanFactory.obtainFromSupplier(AbstractAutowireCapableBeanFactory.java:1210)
	at org.springframework.beans.factory.support.AbstractAutowireCapableBeanFactory.createBeanInstance(AbstractAutowireCapableBeanFactory.java:1157)
	at org.springframework.beans.factory.support.AbstractAutowireCapableBeanFactory.doCreateBean(AbstractAutowireCapableBeanFactory.java:561)
	at org.springframework.beans.factory.support.AbstractAutowireCapableBeanFactory.createBean(AbstractAutowireCapableBeanFactory.java:521)
	at org.springframework.beans.factory.support.AbstractBeanFactory.lambda$doGetBean$0(AbstractBeanFactory.java:326)
	at org.springframework.beans.factory.support.DefaultSingletonBeanRegistry.getSingleton(DefaultSingletonBeanRegistry.java:234)
	at org.springframework.beans.factory.support.AbstractBeanFactory.doGetBean(AbstractBeanFactory.java:324)
	at org.springframework.beans.factory.support.AbstractBeanFactory.getBean(AbstractBeanFactory.java:200)
	at org.springframework.beans.factory.support.DefaultListableBeanFactory.preInstantiateSingletons(DefaultListableBeanFactory.java:961)
	at org.springframework.context.support.AbstractApplicationContext.finishBeanFactoryInitialization(AbstractApplicationContext.java:915)
	at org.springframework.context.support.AbstractApplicationContext.refresh(AbstractApplicationContext.java:584)
	at org.springframework.boot.web.servlet.context.ServletWebServerApplicationContext.refresh(ServletWebServerApplicationContext.java:146)
	at org.springframework.boot.SpringApplication.refresh(SpringApplication.java:730)
	at org.springframework.boot.SpringApplication.refreshContext(SpringApplication.java:432)
	at org.springframework.boot.SpringApplication.run(SpringApplication.java:308)
	at org.springframework.boot.SpringApplication.run(SpringApplication.java:1302)
	at org.springframework.boot.SpringApplication.run(SpringApplication.java:1291)
	at icu.baidu.aria2.BootApplication.main(BootApplication.java:14)
Caused by: java.lang.IllegalStateException: com.github.benmanes.caffeine.cache.SSSMSW
	at com.github.benmanes.caffeine.cache.LocalCacheFactory.loadFactory(LocalCacheFactory.java:90)
	at com.github.benmanes.caffeine.cache.LocalCacheFactory.newBoundedLocalCache(LocalCacheFactory.java:40)
	at com.github.benmanes.caffeine.cache.BoundedLocalCache$BoundedLocalManualCache.<init>(BoundedLocalCache.java:3891)
	at com.github.benmanes.caffeine.cache.BoundedLocalCache$BoundedLocalManualCache.<init>(BoundedLocalCache.java:3887)
	at com.github.benmanes.caffeine.cache.Caffeine.build(Caffeine.java:1053)
	at icu.baidu.aria2.config.CacheConfig.cacheManager(CacheConfig.java:25)
	at icu.baidu.aria2.config.CacheConfig$$SpringCGLIB$$0.CGLIB$cacheManager$0(<generated>)
	at icu.baidu.aria2.config.CacheConfig$$SpringCGLIB$$2.invoke(<generated>)
	at org.springframework.cglib.proxy.MethodProxy.invokeSuper(MethodProxy.java:257)
	at org.springframework.context.annotation.ConfigurationClassEnhancer$BeanMethodInterceptor.intercept(ConfigurationClassEnhancer.java:331)
	at icu.baidu.aria2.config.CacheConfig$$SpringCGLIB$$0.cacheManager(<generated>)
	at icu.baidu.aria2.config.CacheConfig__BeanDefinitions.lambda$getCacheManagerInstanceSupplier$0(CacheConfig__BeanDefinitions.java:30)
	at org.springframework.util.function.ThrowingFunction.apply(ThrowingFunction.java:63)
	at org.springframework.util.function.ThrowingFunction.apply(ThrowingFunction.java:51)
	at org.springframework.beans.factory.aot.BeanInstanceSupplier.lambda$withGenerator$0(BeanInstanceSupplier.java:173)
	at org.springframework.util.function.ThrowingBiFunction.apply(ThrowingBiFunction.java:68)
	at org.springframework.util.function.ThrowingBiFunction.apply(ThrowingBiFunction.java:54)
	at org.springframework.beans.factory.aot.BeanInstanceSupplier.lambda$get$2(BeanInstanceSupplier.java:208)
	at org.springframework.util.function.ThrowingSupplier.get(ThrowingSupplier.java:59)
	at org.springframework.util.function.ThrowingSupplier.get(ThrowingSupplier.java:47)
	at org.springframework.beans.factory.aot.BeanInstanceSupplier.invokeBeanSupplier(BeanInstanceSupplier.java:220)
	at org.springframework.beans.factory.aot.BeanInstanceSupplier.get(BeanInstanceSupplier.java:208)
	at org.springframework.beans.factory.support.AbstractAutowireCapableBeanFactory.obtainInstanceFromSupplier(AbstractAutowireCapableBeanFactory.java:1225)
	... 18 common frames omitted
Caused by: java.lang.ClassNotFoundException: com.github.benmanes.caffeine.cache.SSSMSW
	at java.base@17.0.5/java.lang.Class.forName(DynamicHub.java:1132)
	at java.base@17.0.5/java.lang.Class.forName(DynamicHub.java:1105)
	at com.github.benmanes.caffeine.cache.LocalCacheFactory.loadFactory(LocalCacheFactory.java:84)
	... 40 common frames omitted
2022-12-05 08:51:21.477 [main] ERROR org.springframework.boot.SpringApplication:820 - Application run failed
org.springframework.beans.factory.BeanCreationException: Error creating bean with name 'cacheManager': Instantiation of supplied bean failed
	at org.springframework.beans.factory.support.AbstractAutowireCapableBeanFactory.obtainInstanceFromSupplier(AbstractAutowireCapableBeanFactory.java:1236)
	at org.springframework.beans.factory.support.AbstractAutowireCapableBeanFactory.obtainFromSupplier(AbstractAutowireCapableBeanFactory.java:1210)
	at org.springframework.beans.factory.support.AbstractAutowireCapableBeanFactory.createBeanInstance(AbstractAutowireCapableBeanFactory.java:1157)
	at org.springframework.beans.factory.support.AbstractAutowireCapableBeanFactory.doCreateBean(AbstractAutowireCapableBeanFactory.java:561)
	at org.springframework.beans.factory.support.AbstractAutowireCapableBeanFactory.createBean(AbstractAutowireCapableBeanFactory.java:521)
	at org.springframework.beans.factory.support.AbstractBeanFactory.lambda$doGetBean$0(AbstractBeanFactory.java:326)
	at org.springframework.beans.factory.support.DefaultSingletonBeanRegistry.getSingleton(DefaultSingletonBeanRegistry.java:234)
	at org.springframework.beans.factory.support.AbstractBeanFactory.doGetBean(AbstractBeanFactory.java:324)
	at org.springframework.beans.factory.support.AbstractBeanFactory.getBean(AbstractBeanFactory.java:200)
	at org.springframework.beans.factory.support.DefaultListableBeanFactory.preInstantiateSingletons(DefaultListableBeanFactory.java:961)
	at org.springframework.context.support.AbstractApplicationContext.finishBeanFactoryInitialization(AbstractApplicationContext.java:915)
	at org.springframework.context.support.AbstractApplicationContext.refresh(AbstractApplicationContext.java:584)
	at org.springframework.boot.web.servlet.context.ServletWebServerApplicationContext.refresh(ServletWebServerApplicationContext.java:146)
	at org.springframework.boot.SpringApplication.refresh(SpringApplication.java:730)
	at org.springframework.boot.SpringApplication.refreshContext(SpringApplication.java:432)
	at org.springframework.boot.SpringApplication.run(SpringApplication.java:308)
	at org.springframework.boot.SpringApplication.run(SpringApplication.java:1302)
	at org.springframework.boot.SpringApplication.run(SpringApplication.java:1291)
	at icu.baidu.aria2.BootApplication.main(BootApplication.java:14)
Caused by: java.lang.IllegalStateException: com.github.benmanes.caffeine.cache.SSSMSW
	at com.github.benmanes.caffeine.cache.LocalCacheFactory.loadFactory(LocalCacheFactory.java:90)
	at com.github.benmanes.caffeine.cache.LocalCacheFactory.newBoundedLocalCache(LocalCacheFactory.java:40)
	at com.github.benmanes.caffeine.cache.BoundedLocalCache$BoundedLocalManualCache.<init>(BoundedLocalCache.java:3891)
	at com.github.benmanes.caffeine.cache.BoundedLocalCache$BoundedLocalManualCache.<init>(BoundedLocalCache.java:3887)
	at com.github.benmanes.caffeine.cache.Caffeine.build(Caffeine.java:1053)
	at icu.baidu.aria2.config.CacheConfig.cacheManager(CacheConfig.java:25)
	at icu.baidu.aria2.config.CacheConfig$$SpringCGLIB$$0.CGLIB$cacheManager$0(<generated>)
	at icu.baidu.aria2.config.CacheConfig$$SpringCGLIB$$2.invoke(<generated>)
	at org.springframework.cglib.proxy.MethodProxy.invokeSuper(MethodProxy.java:257)
	at org.springframework.context.annotation.ConfigurationClassEnhancer$BeanMethodInterceptor.intercept(ConfigurationClassEnhancer.java:331)
	at icu.baidu.aria2.config.CacheConfig$$SpringCGLIB$$0.cacheManager(<generated>)
	at icu.baidu.aria2.config.CacheConfig__BeanDefinitions.lambda$getCacheManagerInstanceSupplier$0(CacheConfig__BeanDefinitions.java:30)
	at org.springframework.util.function.ThrowingFunction.apply(ThrowingFunction.java:63)
	at org.springframework.util.function.ThrowingFunction.apply(ThrowingFunction.java:51)
	at org.springframework.beans.factory.aot.BeanInstanceSupplier.lambda$withGenerator$0(BeanInstanceSupplier.java:173)
	at org.springframework.util.function.ThrowingBiFunction.apply(ThrowingBiFunction.java:68)
	at org.springframework.util.function.ThrowingBiFunction.apply(ThrowingBiFunction.java:54)
	at org.springframework.beans.factory.aot.BeanInstanceSupplier.lambda$get$2(BeanInstanceSupplier.java:208)
	at org.springframework.util.function.ThrowingSupplier.get(ThrowingSupplier.java:59)
	at org.springframework.util.function.ThrowingSupplier.get(ThrowingSupplier.java:47)
	at org.springframework.beans.factory.aot.BeanInstanceSupplier.invokeBeanSupplier(BeanInstanceSupplier.java:220)
	at org.springframework.beans.factory.aot.BeanInstanceSupplier.get(BeanInstanceSupplier.java:208)
	at org.springframework.beans.factory.support.AbstractAutowireCapableBeanFactory.obtainInstanceFromSupplier(AbstractAutowireCapableBeanFactory.java:1225)
	... 18 common frames omitted
Caused by: java.lang.ClassNotFoundException: com.github.benmanes.caffeine.cache.SSSMSW
	at java.base@17.0.5/java.lang.Class.forName(DynamicHub.java:1132)
	at java.base@17.0.5/java.lang.Class.forName(DynamicHub.java:1105)
	at com.github.benmanes.caffeine.cache.LocalCacheFactory.loadFactory(LocalCacheFactory.java:84)
	... 40 common frames omitted
2022-12-05 08:58:02.920 [main] ERROR org.springframework.boot.SpringApplication:820 - Application run failed
org.springframework.beans.factory.BeanCreationException: Error creating bean with name 'cacheManager': Instantiation of supplied bean failed
	at org.springframework.beans.factory.support.AbstractAutowireCapableBeanFactory.obtainInstanceFromSupplier(AbstractAutowireCapableBeanFactory.java:1236)
	at org.springframework.beans.factory.support.AbstractAutowireCapableBeanFactory.obtainFromSupplier(AbstractAutowireCapableBeanFactory.java:1210)
	at org.springframework.beans.factory.support.AbstractAutowireCapableBeanFactory.createBeanInstance(AbstractAutowireCapableBeanFactory.java:1157)
	at org.springframework.beans.factory.support.AbstractAutowireCapableBeanFactory.doCreateBean(AbstractAutowireCapableBeanFactory.java:561)
	at org.springframework.beans.factory.support.AbstractAutowireCapableBeanFactory.createBean(AbstractAutowireCapableBeanFactory.java:521)
	at org.springframework.beans.factory.support.AbstractBeanFactory.lambda$doGetBean$0(AbstractBeanFactory.java:326)
	at org.springframework.beans.factory.support.DefaultSingletonBeanRegistry.getSingleton(DefaultSingletonBeanRegistry.java:234)
	at org.springframework.beans.factory.support.AbstractBeanFactory.doGetBean(AbstractBeanFactory.java:324)
	at org.springframework.beans.factory.support.AbstractBeanFactory.getBean(AbstractBeanFactory.java:200)
	at org.springframework.beans.factory.support.DefaultListableBeanFactory.preInstantiateSingletons(DefaultListableBeanFactory.java:961)
	at org.springframework.context.support.AbstractApplicationContext.finishBeanFactoryInitialization(AbstractApplicationContext.java:915)
	at org.springframework.context.support.AbstractApplicationContext.refresh(AbstractApplicationContext.java:584)
	at org.springframework.boot.web.servlet.context.ServletWebServerApplicationContext.refresh(ServletWebServerApplicationContext.java:146)
	at org.springframework.boot.SpringApplication.refresh(SpringApplication.java:730)
	at org.springframework.boot.SpringApplication.refreshContext(SpringApplication.java:432)
	at org.springframework.boot.SpringApplication.run(SpringApplication.java:308)
	at org.springframework.boot.SpringApplication.run(SpringApplication.java:1302)
	at org.springframework.boot.SpringApplication.run(SpringApplication.java:1291)
	at icu.baidu.aria2.BootApplication.main(BootApplication.java:14)
Caused by: java.lang.IllegalStateException: com.github.benmanes.caffeine.cache.SSSMSW
	at com.github.benmanes.caffeine.cache.LocalCacheFactory.loadFactory(LocalCacheFactory.java:90)
	at com.github.benmanes.caffeine.cache.LocalCacheFactory.newBoundedLocalCache(LocalCacheFactory.java:40)
	at com.github.benmanes.caffeine.cache.BoundedLocalCache$BoundedLocalManualCache.<init>(BoundedLocalCache.java:3891)
	at com.github.benmanes.caffeine.cache.BoundedLocalCache$BoundedLocalManualCache.<init>(BoundedLocalCache.java:3887)
	at com.github.benmanes.caffeine.cache.Caffeine.build(Caffeine.java:1053)
	at icu.baidu.aria2.config.CacheConfig.cacheManager(CacheConfig.java:25)
	at icu.baidu.aria2.config.CacheConfig$$SpringCGLIB$$0.CGLIB$cacheManager$0(<generated>)
	at icu.baidu.aria2.config.CacheConfig$$SpringCGLIB$$2.invoke(<generated>)
	at org.springframework.cglib.proxy.MethodProxy.invokeSuper(MethodProxy.java:257)
	at org.springframework.context.annotation.ConfigurationClassEnhancer$BeanMethodInterceptor.intercept(ConfigurationClassEnhancer.java:331)
	at icu.baidu.aria2.config.CacheConfig$$SpringCGLIB$$0.cacheManager(<generated>)
	at icu.baidu.aria2.config.CacheConfig__BeanDefinitions.lambda$getCacheManagerInstanceSupplier$0(CacheConfig__BeanDefinitions.java:30)
	at org.springframework.util.function.ThrowingFunction.apply(ThrowingFunction.java:63)
	at org.springframework.util.function.ThrowingFunction.apply(ThrowingFunction.java:51)
	at org.springframework.beans.factory.aot.BeanInstanceSupplier.lambda$withGenerator$0(BeanInstanceSupplier.java:173)
	at org.springframework.util.function.ThrowingBiFunction.apply(ThrowingBiFunction.java:68)
	at org.springframework.util.function.ThrowingBiFunction.apply(ThrowingBiFunction.java:54)
	at org.springframework.beans.factory.aot.BeanInstanceSupplier.lambda$get$2(BeanInstanceSupplier.java:208)
	at org.springframework.util.function.ThrowingSupplier.get(ThrowingSupplier.java:59)
	at org.springframework.util.function.ThrowingSupplier.get(ThrowingSupplier.java:47)
	at org.springframework.beans.factory.aot.BeanInstanceSupplier.invokeBeanSupplier(BeanInstanceSupplier.java:220)
	at org.springframework.beans.factory.aot.BeanInstanceSupplier.get(BeanInstanceSupplier.java:208)
	at org.springframework.beans.factory.support.AbstractAutowireCapableBeanFactory.obtainInstanceFromSupplier(AbstractAutowireCapableBeanFactory.java:1225)
	... 18 common frames omitted
Caused by: java.lang.ClassNotFoundException: com.github.benmanes.caffeine.cache.SSSMSW
	at java.base@17.0.5/java.lang.Class.forName(DynamicHub.java:1132)
	at java.base@17.0.5/java.lang.Class.forName(DynamicHub.java:1105)
	at com.github.benmanes.caffeine.cache.LocalCacheFactory.loadFactory(LocalCacheFactory.java:84)
	... 40 common frames omitted
2022-12-05 09:19:15.509 [main] ERROR org.springframework.boot.SpringApplication:820 - Application run failed
org.springframework.beans.factory.BeanCreationException: Error creating bean with name 'cacheManager': Instantiation of supplied bean failed
	at org.springframework.beans.factory.support.AbstractAutowireCapableBeanFactory.obtainInstanceFromSupplier(AbstractAutowireCapableBeanFactory.java:1236)
	at org.springframework.beans.factory.support.AbstractAutowireCapableBeanFactory.obtainFromSupplier(AbstractAutowireCapableBeanFactory.java:1210)
	at org.springframework.beans.factory.support.AbstractAutowireCapableBeanFactory.createBeanInstance(AbstractAutowireCapableBeanFactory.java:1157)
	at org.springframework.beans.factory.support.AbstractAutowireCapableBeanFactory.doCreateBean(AbstractAutowireCapableBeanFactory.java:561)
	at org.springframework.beans.factory.support.AbstractAutowireCapableBeanFactory.createBean(AbstractAutowireCapableBeanFactory.java:521)
	at org.springframework.beans.factory.support.AbstractBeanFactory.lambda$doGetBean$0(AbstractBeanFactory.java:326)
	at org.springframework.beans.factory.support.DefaultSingletonBeanRegistry.getSingleton(DefaultSingletonBeanRegistry.java:234)
	at org.springframework.beans.factory.support.AbstractBeanFactory.doGetBean(AbstractBeanFactory.java:324)
	at org.springframework.beans.factory.support.AbstractBeanFactory.getBean(AbstractBeanFactory.java:200)
	at org.springframework.beans.factory.support.DefaultListableBeanFactory.preInstantiateSingletons(DefaultListableBeanFactory.java:961)
	at org.springframework.context.support.AbstractApplicationContext.finishBeanFactoryInitialization(AbstractApplicationContext.java:915)
	at org.springframework.context.support.AbstractApplicationContext.refresh(AbstractApplicationContext.java:584)
	at org.springframework.boot.web.servlet.context.ServletWebServerApplicationContext.refresh(ServletWebServerApplicationContext.java:146)
	at org.springframework.boot.SpringApplication.refresh(SpringApplication.java:730)
	at org.springframework.boot.SpringApplication.refreshContext(SpringApplication.java:432)
	at org.springframework.boot.SpringApplication.run(SpringApplication.java:308)
	at org.springframework.boot.SpringApplication.run(SpringApplication.java:1302)
	at org.springframework.boot.SpringApplication.run(SpringApplication.java:1291)
	at icu.baidu.aria2.BootApplication.main(BootApplication.java:14)
Caused by: java.lang.IllegalStateException: com.github.benmanes.caffeine.cache.SSSMSW
	at com.github.benmanes.caffeine.cache.LocalCacheFactory.loadFactory(LocalCacheFactory.java:90)
	at com.github.benmanes.caffeine.cache.LocalCacheFactory.newBoundedLocalCache(LocalCacheFactory.java:40)
	at com.github.benmanes.caffeine.cache.BoundedLocalCache$BoundedLocalManualCache.<init>(BoundedLocalCache.java:3891)
	at com.github.benmanes.caffeine.cache.BoundedLocalCache$BoundedLocalManualCache.<init>(BoundedLocalCache.java:3887)
	at com.github.benmanes.caffeine.cache.Caffeine.build(Caffeine.java:1053)
	at icu.baidu.aria2.config.CacheConfig.cacheManager(CacheConfig.java:25)
	at icu.baidu.aria2.config.CacheConfig$$SpringCGLIB$$0.CGLIB$cacheManager$0(<generated>)
	at icu.baidu.aria2.config.CacheConfig$$SpringCGLIB$$2.invoke(<generated>)
	at org.springframework.cglib.proxy.MethodProxy.invokeSuper(MethodProxy.java:257)
	at org.springframework.context.annotation.ConfigurationClassEnhancer$BeanMethodInterceptor.intercept(ConfigurationClassEnhancer.java:331)
	at icu.baidu.aria2.config.CacheConfig$$SpringCGLIB$$0.cacheManager(<generated>)
	at icu.baidu.aria2.config.CacheConfig__BeanDefinitions.lambda$getCacheManagerInstanceSupplier$0(CacheConfig__BeanDefinitions.java:30)
	at org.springframework.util.function.ThrowingFunction.apply(ThrowingFunction.java:63)
	at org.springframework.util.function.ThrowingFunction.apply(ThrowingFunction.java:51)
	at org.springframework.beans.factory.aot.BeanInstanceSupplier.lambda$withGenerator$0(BeanInstanceSupplier.java:173)
	at org.springframework.util.function.ThrowingBiFunction.apply(ThrowingBiFunction.java:68)
	at org.springframework.util.function.ThrowingBiFunction.apply(ThrowingBiFunction.java:54)
	at org.springframework.beans.factory.aot.BeanInstanceSupplier.lambda$get$2(BeanInstanceSupplier.java:208)
	at org.springframework.util.function.ThrowingSupplier.get(ThrowingSupplier.java:59)
	at org.springframework.util.function.ThrowingSupplier.get(ThrowingSupplier.java:47)
	at org.springframework.beans.factory.aot.BeanInstanceSupplier.invokeBeanSupplier(BeanInstanceSupplier.java:220)
	at org.springframework.beans.factory.aot.BeanInstanceSupplier.get(BeanInstanceSupplier.java:208)
	at org.springframework.beans.factory.support.AbstractAutowireCapableBeanFactory.obtainInstanceFromSupplier(AbstractAutowireCapableBeanFactory.java:1225)
	... 18 common frames omitted
Caused by: java.lang.ClassNotFoundException: com.github.benmanes.caffeine.cache.SSSMSW
	at java.base@17.0.5/java.lang.Class.forName(DynamicHub.java:1132)
	at java.base@17.0.5/java.lang.Class.forName(DynamicHub.java:1105)
	at com.github.benmanes.caffeine.cache.LocalCacheFactory.loadFactory(LocalCacheFactory.java:84)
	... 40 common frames omitted
2022-12-05 09:44:57.623 [main] ERROR org.springframework.boot.SpringApplication:820 - Application run failed
org.springframework.beans.factory.BeanCreationException: Error creating bean with name 'cacheManager': Instantiation of supplied bean failed
	at org.springframework.beans.factory.support.AbstractAutowireCapableBeanFactory.obtainInstanceFromSupplier(AbstractAutowireCapableBeanFactory.java:1236)
	at org.springframework.beans.factory.support.AbstractAutowireCapableBeanFactory.obtainFromSupplier(AbstractAutowireCapableBeanFactory.java:1210)
	at org.springframework.beans.factory.support.AbstractAutowireCapableBeanFactory.createBeanInstance(AbstractAutowireCapableBeanFactory.java:1157)
	at org.springframework.beans.factory.support.AbstractAutowireCapableBeanFactory.doCreateBean(AbstractAutowireCapableBeanFactory.java:561)
	at org.springframework.beans.factory.support.AbstractAutowireCapableBeanFactory.createBean(AbstractAutowireCapableBeanFactory.java:521)
	at org.springframework.beans.factory.support.AbstractBeanFactory.lambda$doGetBean$0(AbstractBeanFactory.java:326)
	at org.springframework.beans.factory.support.DefaultSingletonBeanRegistry.getSingleton(DefaultSingletonBeanRegistry.java:234)
	at org.springframework.beans.factory.support.AbstractBeanFactory.doGetBean(AbstractBeanFactory.java:324)
	at org.springframework.beans.factory.support.AbstractBeanFactory.getBean(AbstractBeanFactory.java:200)
	at org.springframework.beans.factory.support.DefaultListableBeanFactory.preInstantiateSingletons(DefaultListableBeanFactory.java:961)
	at org.springframework.context.support.AbstractApplicationContext.finishBeanFactoryInitialization(AbstractApplicationContext.java:915)
	at org.springframework.context.support.AbstractApplicationContext.refresh(AbstractApplicationContext.java:584)
	at org.springframework.boot.web.servlet.context.ServletWebServerApplicationContext.refresh(ServletWebServerApplicationContext.java:146)
	at org.springframework.boot.SpringApplication.refresh(SpringApplication.java:730)
	at org.springframework.boot.SpringApplication.refreshContext(SpringApplication.java:432)
	at org.springframework.boot.SpringApplication.run(SpringApplication.java:308)
	at org.springframework.boot.SpringApplication.run(SpringApplication.java:1302)
	at org.springframework.boot.SpringApplication.run(SpringApplication.java:1291)
	at icu.baidu.aria2.BootApplication.main(BootApplication.java:14)
Caused by: java.lang.IllegalStateException: com.github.benmanes.caffeine.cache.SSSMSW
	at com.github.benmanes.caffeine.cache.LocalCacheFactory.loadFactory(LocalCacheFactory.java:90)
	at com.github.benmanes.caffeine.cache.LocalCacheFactory.newBoundedLocalCache(LocalCacheFactory.java:40)
	at com.github.benmanes.caffeine.cache.BoundedLocalCache$BoundedLocalManualCache.<init>(BoundedLocalCache.java:3891)
	at com.github.benmanes.caffeine.cache.BoundedLocalCache$BoundedLocalManualCache.<init>(BoundedLocalCache.java:3887)
	at com.github.benmanes.caffeine.cache.Caffeine.build(Caffeine.java:1053)
	at icu.baidu.aria2.config.CacheConfig.cacheManager(CacheConfig.java:25)
	at icu.baidu.aria2.config.CacheConfig$$SpringCGLIB$$0.CGLIB$cacheManager$0(<generated>)
	at icu.baidu.aria2.config.CacheConfig$$SpringCGLIB$$2.invoke(<generated>)
	at org.springframework.cglib.proxy.MethodProxy.invokeSuper(MethodProxy.java:257)
	at org.springframework.context.annotation.ConfigurationClassEnhancer$BeanMethodInterceptor.intercept(ConfigurationClassEnhancer.java:331)
	at icu.baidu.aria2.config.CacheConfig$$SpringCGLIB$$0.cacheManager(<generated>)
	at icu.baidu.aria2.config.CacheConfig__BeanDefinitions.lambda$getCacheManagerInstanceSupplier$0(CacheConfig__BeanDefinitions.java:30)
	at org.springframework.util.function.ThrowingFunction.apply(ThrowingFunction.java:63)
	at org.springframework.util.function.ThrowingFunction.apply(ThrowingFunction.java:51)
	at org.springframework.beans.factory.aot.BeanInstanceSupplier.lambda$withGenerator$0(BeanInstanceSupplier.java:173)
	at org.springframework.util.function.ThrowingBiFunction.apply(ThrowingBiFunction.java:68)
	at org.springframework.util.function.ThrowingBiFunction.apply(ThrowingBiFunction.java:54)
	at org.springframework.beans.factory.aot.BeanInstanceSupplier.lambda$get$2(BeanInstanceSupplier.java:208)
	at org.springframework.util.function.ThrowingSupplier.get(ThrowingSupplier.java:59)
	at org.springframework.util.function.ThrowingSupplier.get(ThrowingSupplier.java:47)
	at org.springframework.beans.factory.aot.BeanInstanceSupplier.invokeBeanSupplier(BeanInstanceSupplier.java:220)
	at org.springframework.beans.factory.aot.BeanInstanceSupplier.get(BeanInstanceSupplier.java:208)
	at org.springframework.beans.factory.support.AbstractAutowireCapableBeanFactory.obtainInstanceFromSupplier(AbstractAutowireCapableBeanFactory.java:1225)
	... 18 common frames omitted
Caused by: java.lang.ClassNotFoundException: com.github.benmanes.caffeine.cache.SSSMSW
	at java.base@17.0.5/java.lang.Class.forName(DynamicHub.java:1132)
	at java.base@17.0.5/java.lang.Class.forName(DynamicHub.java:1105)
	at com.github.benmanes.caffeine.cache.LocalCacheFactory.loadFactory(LocalCacheFactory.java:84)
	... 40 common frames omitted
2022-12-05 09:59:54.957 [main] ERROR org.springframework.boot.SpringApplication:820 - Application run failed
org.springframework.beans.factory.BeanCreationException: Error creating bean with name 'cacheManager': Instantiation of supplied bean failed
	at org.springframework.beans.factory.support.AbstractAutowireCapableBeanFactory.obtainInstanceFromSupplier(AbstractAutowireCapableBeanFactory.java:1236)
	at org.springframework.beans.factory.support.AbstractAutowireCapableBeanFactory.obtainFromSupplier(AbstractAutowireCapableBeanFactory.java:1210)
	at org.springframework.beans.factory.support.AbstractAutowireCapableBeanFactory.createBeanInstance(AbstractAutowireCapableBeanFactory.java:1157)
	at org.springframework.beans.factory.support.AbstractAutowireCapableBeanFactory.doCreateBean(AbstractAutowireCapableBeanFactory.java:561)
	at org.springframework.beans.factory.support.AbstractAutowireCapableBeanFactory.createBean(AbstractAutowireCapableBeanFactory.java:521)
	at org.springframework.beans.factory.support.AbstractBeanFactory.lambda$doGetBean$0(AbstractBeanFactory.java:326)
	at org.springframework.beans.factory.support.DefaultSingletonBeanRegistry.getSingleton(DefaultSingletonBeanRegistry.java:234)
	at org.springframework.beans.factory.support.AbstractBeanFactory.doGetBean(AbstractBeanFactory.java:324)
	at org.springframework.beans.factory.support.AbstractBeanFactory.getBean(AbstractBeanFactory.java:200)
	at org.springframework.beans.factory.support.DefaultListableBeanFactory.preInstantiateSingletons(DefaultListableBeanFactory.java:961)
	at org.springframework.context.support.AbstractApplicationContext.finishBeanFactoryInitialization(AbstractApplicationContext.java:915)
	at org.springframework.context.support.AbstractApplicationContext.refresh(AbstractApplicationContext.java:584)
	at org.springframework.boot.web.servlet.context.ServletWebServerApplicationContext.refresh(ServletWebServerApplicationContext.java:146)
	at org.springframework.boot.SpringApplication.refresh(SpringApplication.java:730)
	at org.springframework.boot.SpringApplication.refreshContext(SpringApplication.java:432)
	at org.springframework.boot.SpringApplication.run(SpringApplication.java:308)
	at org.springframework.boot.SpringApplication.run(SpringApplication.java:1302)
	at org.springframework.boot.SpringApplication.run(SpringApplication.java:1291)
	at icu.baidu.aria2.BootApplication.main(BootApplication.java:14)
Caused by: java.lang.IllegalStateException: com.github.benmanes.caffeine.cache.SSSMSW
	at com.github.benmanes.caffeine.cache.LocalCacheFactory.loadFactory(LocalCacheFactory.java:90)
	at com.github.benmanes.caffeine.cache.LocalCacheFactory.newBoundedLocalCache(LocalCacheFactory.java:40)
	at com.github.benmanes.caffeine.cache.BoundedLocalCache$BoundedLocalManualCache.<init>(BoundedLocalCache.java:3891)
	at com.github.benmanes.caffeine.cache.BoundedLocalCache$BoundedLocalManualCache.<init>(BoundedLocalCache.java:3887)
	at com.github.benmanes.caffeine.cache.Caffeine.build(Caffeine.java:1053)
	at icu.baidu.aria2.config.CacheConfig.cacheManager(CacheConfig.java:25)
	at icu.baidu.aria2.config.CacheConfig$$SpringCGLIB$$0.CGLIB$cacheManager$0(<generated>)
	at icu.baidu.aria2.config.CacheConfig$$SpringCGLIB$$2.invoke(<generated>)
	at org.springframework.cglib.proxy.MethodProxy.invokeSuper(MethodProxy.java:257)
	at org.springframework.context.annotation.ConfigurationClassEnhancer$BeanMethodInterceptor.intercept(ConfigurationClassEnhancer.java:331)
	at icu.baidu.aria2.config.CacheConfig$$SpringCGLIB$$0.cacheManager(<generated>)
	at icu.baidu.aria2.config.CacheConfig__BeanDefinitions.lambda$getCacheManagerInstanceSupplier$0(CacheConfig__BeanDefinitions.java:30)
	at org.springframework.util.function.ThrowingFunction.apply(ThrowingFunction.java:63)
	at org.springframework.util.function.ThrowingFunction.apply(ThrowingFunction.java:51)
	at org.springframework.beans.factory.aot.BeanInstanceSupplier.lambda$withGenerator$0(BeanInstanceSupplier.java:173)
	at org.springframework.util.function.ThrowingBiFunction.apply(ThrowingBiFunction.java:68)
	at org.springframework.util.function.ThrowingBiFunction.apply(ThrowingBiFunction.java:54)
	at org.springframework.beans.factory.aot.BeanInstanceSupplier.lambda$get$2(BeanInstanceSupplier.java:208)
	at org.springframework.util.function.ThrowingSupplier.get(ThrowingSupplier.java:59)
	at org.springframework.util.function.ThrowingSupplier.get(ThrowingSupplier.java:47)
	at org.springframework.beans.factory.aot.BeanInstanceSupplier.invokeBeanSupplier(BeanInstanceSupplier.java:220)
	at org.springframework.beans.factory.aot.BeanInstanceSupplier.get(BeanInstanceSupplier.java:208)
	at org.springframework.beans.factory.support.AbstractAutowireCapableBeanFactory.obtainInstanceFromSupplier(AbstractAutowireCapableBeanFactory.java:1225)
	... 18 common frames omitted
Caused by: java.lang.ClassNotFoundException: com.github.benmanes.caffeine.cache.SSSMSW
	at java.base@17.0.5/java.lang.Class.forName(DynamicHub.java:1132)
	at java.base@17.0.5/java.lang.Class.forName(DynamicHub.java:1105)
	at com.github.benmanes.caffeine.cache.LocalCacheFactory.loadFactory(LocalCacheFactory.java:84)
	... 40 common frames omitted
2022-12-05 10:09:08.181 [main] ERROR org.springframework.boot.SpringApplication:820 - Application run failed
org.springframework.beans.factory.BeanCreationException: Error creating bean with name 'cacheManager': Instantiation of supplied bean failed
	at org.springframework.beans.factory.support.AbstractAutowireCapableBeanFactory.obtainInstanceFromSupplier(AbstractAutowireCapableBeanFactory.java:1236)
	at org.springframework.beans.factory.support.AbstractAutowireCapableBeanFactory.obtainFromSupplier(AbstractAutowireCapableBeanFactory.java:1210)
	at org.springframework.beans.factory.support.AbstractAutowireCapableBeanFactory.createBeanInstance(AbstractAutowireCapableBeanFactory.java:1157)
	at org.springframework.beans.factory.support.AbstractAutowireCapableBeanFactory.doCreateBean(AbstractAutowireCapableBeanFactory.java:561)
	at org.springframework.beans.factory.support.AbstractAutowireCapableBeanFactory.createBean(AbstractAutowireCapableBeanFactory.java:521)
	at org.springframework.beans.factory.support.AbstractBeanFactory.lambda$doGetBean$0(AbstractBeanFactory.java:326)
	at org.springframework.beans.factory.support.DefaultSingletonBeanRegistry.getSingleton(DefaultSingletonBeanRegistry.java:234)
	at org.springframework.beans.factory.support.AbstractBeanFactory.doGetBean(AbstractBeanFactory.java:324)
	at org.springframework.beans.factory.support.AbstractBeanFactory.getBean(AbstractBeanFactory.java:200)
	at org.springframework.beans.factory.support.DefaultListableBeanFactory.preInstantiateSingletons(DefaultListableBeanFactory.java:961)
	at org.springframework.context.support.AbstractApplicationContext.finishBeanFactoryInitialization(AbstractApplicationContext.java:915)
	at org.springframework.context.support.AbstractApplicationContext.refresh(AbstractApplicationContext.java:584)
	at org.springframework.boot.web.servlet.context.ServletWebServerApplicationContext.refresh(ServletWebServerApplicationContext.java:146)
	at org.springframework.boot.SpringApplication.refresh(SpringApplication.java:730)
	at org.springframework.boot.SpringApplication.refreshContext(SpringApplication.java:432)
	at org.springframework.boot.SpringApplication.run(SpringApplication.java:308)
	at org.springframework.boot.SpringApplication.run(SpringApplication.java:1302)
	at org.springframework.boot.SpringApplication.run(SpringApplication.java:1291)
	at icu.baidu.aria2.BootApplication.main(BootApplication.java:14)
Caused by: java.lang.IllegalStateException: com.github.benmanes.caffeine.cache.SSSMSW
	at com.github.benmanes.caffeine.cache.LocalCacheFactory.loadFactory(LocalCacheFactory.java:90)
	at com.github.benmanes.caffeine.cache.LocalCacheFactory.newBoundedLocalCache(LocalCacheFactory.java:40)
	at com.github.benmanes.caffeine.cache.BoundedLocalCache$BoundedLocalManualCache.<init>(BoundedLocalCache.java:3891)
	at com.github.benmanes.caffeine.cache.BoundedLocalCache$BoundedLocalManualCache.<init>(BoundedLocalCache.java:3887)
	at com.github.benmanes.caffeine.cache.Caffeine.build(Caffeine.java:1053)
	at icu.baidu.aria2.config.CacheConfig.cacheManager(CacheConfig.java:25)
	at icu.baidu.aria2.config.CacheConfig$$SpringCGLIB$$0.CGLIB$cacheManager$0(<generated>)
	at icu.baidu.aria2.config.CacheConfig$$SpringCGLIB$$2.invoke(<generated>)
	at org.springframework.cglib.proxy.MethodProxy.invokeSuper(MethodProxy.java:257)
	at org.springframework.context.annotation.ConfigurationClassEnhancer$BeanMethodInterceptor.intercept(ConfigurationClassEnhancer.java:331)
	at icu.baidu.aria2.config.CacheConfig$$SpringCGLIB$$0.cacheManager(<generated>)
	at icu.baidu.aria2.config.CacheConfig__BeanDefinitions.lambda$getCacheManagerInstanceSupplier$0(CacheConfig__BeanDefinitions.java:30)
	at org.springframework.util.function.ThrowingFunction.apply(ThrowingFunction.java:63)
	at org.springframework.util.function.ThrowingFunction.apply(ThrowingFunction.java:51)
	at org.springframework.beans.factory.aot.BeanInstanceSupplier.lambda$withGenerator$0(BeanInstanceSupplier.java:173)
	at org.springframework.util.function.ThrowingBiFunction.apply(ThrowingBiFunction.java:68)
	at org.springframework.util.function.ThrowingBiFunction.apply(ThrowingBiFunction.java:54)
	at org.springframework.beans.factory.aot.BeanInstanceSupplier.lambda$get$2(BeanInstanceSupplier.java:208)
	at org.springframework.util.function.ThrowingSupplier.get(ThrowingSupplier.java:59)
	at org.springframework.util.function.ThrowingSupplier.get(ThrowingSupplier.java:47)
	at org.springframework.beans.factory.aot.BeanInstanceSupplier.invokeBeanSupplier(BeanInstanceSupplier.java:220)
	at org.springframework.beans.factory.aot.BeanInstanceSupplier.get(BeanInstanceSupplier.java:208)
	at org.springframework.beans.factory.support.AbstractAutowireCapableBeanFactory.obtainInstanceFromSupplier(AbstractAutowireCapableBeanFactory.java:1225)
	... 18 common frames omitted
Caused by: java.lang.ClassNotFoundException: com.github.benmanes.caffeine.cache.SSSMSW
	at java.base@17.0.5/java.lang.Class.forName(DynamicHub.java:1132)
	at java.base@17.0.5/java.lang.Class.forName(DynamicHub.java:1105)
	at com.github.benmanes.caffeine.cache.LocalCacheFactory.loadFactory(LocalCacheFactory.java:84)
	... 40 common frames omitted
2022-12-05 10:15:27.230 [main] ERROR org.springframework.boot.SpringApplication:820 - Application run failed
org.springframework.beans.factory.BeanCreationException: Error creating bean with name 'cacheManager': Instantiation of supplied bean failed
	at org.springframework.beans.factory.support.AbstractAutowireCapableBeanFactory.obtainInstanceFromSupplier(AbstractAutowireCapableBeanFactory.java:1236)
	at org.springframework.beans.factory.support.AbstractAutowireCapableBeanFactory.obtainFromSupplier(AbstractAutowireCapableBeanFactory.java:1210)
	at org.springframework.beans.factory.support.AbstractAutowireCapableBeanFactory.createBeanInstance(AbstractAutowireCapableBeanFactory.java:1157)
	at org.springframework.beans.factory.support.AbstractAutowireCapableBeanFactory.doCreateBean(AbstractAutowireCapableBeanFactory.java:561)
	at org.springframework.beans.factory.support.AbstractAutowireCapableBeanFactory.createBean(AbstractAutowireCapableBeanFactory.java:521)
	at org.springframework.beans.factory.support.AbstractBeanFactory.lambda$doGetBean$0(AbstractBeanFactory.java:326)
	at org.springframework.beans.factory.support.DefaultSingletonBeanRegistry.getSingleton(DefaultSingletonBeanRegistry.java:234)
	at org.springframework.beans.factory.support.AbstractBeanFactory.doGetBean(AbstractBeanFactory.java:324)
	at org.springframework.beans.factory.support.AbstractBeanFactory.getBean(AbstractBeanFactory.java:200)
	at org.springframework.beans.factory.support.DefaultListableBeanFactory.preInstantiateSingletons(DefaultListableBeanFactory.java:961)
	at org.springframework.context.support.AbstractApplicationContext.finishBeanFactoryInitialization(AbstractApplicationContext.java:915)
	at org.springframework.context.support.AbstractApplicationContext.refresh(AbstractApplicationContext.java:584)
	at org.springframework.boot.web.servlet.context.ServletWebServerApplicationContext.refresh(ServletWebServerApplicationContext.java:146)
	at org.springframework.boot.SpringApplication.refresh(SpringApplication.java:730)
	at org.springframework.boot.SpringApplication.refreshContext(SpringApplication.java:432)
	at org.springframework.boot.SpringApplication.run(SpringApplication.java:308)
	at org.springframework.boot.SpringApplication.run(SpringApplication.java:1302)
	at org.springframework.boot.SpringApplication.run(SpringApplication.java:1291)
	at icu.baidu.aria2.BootApplication.main(BootApplication.java:14)
Caused by: java.lang.IllegalStateException: com.github.benmanes.caffeine.cache.SSSMSW
	at com.github.benmanes.caffeine.cache.LocalCacheFactory.loadFactory(LocalCacheFactory.java:90)
	at com.github.benmanes.caffeine.cache.LocalCacheFactory.newBoundedLocalCache(LocalCacheFactory.java:40)
	at com.github.benmanes.caffeine.cache.BoundedLocalCache$BoundedLocalManualCache.<init>(BoundedLocalCache.java:3891)
	at com.github.benmanes.caffeine.cache.BoundedLocalCache$BoundedLocalManualCache.<init>(BoundedLocalCache.java:3887)
	at com.github.benmanes.caffeine.cache.Caffeine.build(Caffeine.java:1053)
	at icu.baidu.aria2.config.CacheConfig.cacheManager(CacheConfig.java:25)
	at icu.baidu.aria2.config.CacheConfig$$SpringCGLIB$$0.CGLIB$cacheManager$0(<generated>)
	at icu.baidu.aria2.config.CacheConfig$$SpringCGLIB$$2.invoke(<generated>)
	at org.springframework.cglib.proxy.MethodProxy.invokeSuper(MethodProxy.java:257)
	at org.springframework.context.annotation.ConfigurationClassEnhancer$BeanMethodInterceptor.intercept(ConfigurationClassEnhancer.java:331)
	at icu.baidu.aria2.config.CacheConfig$$SpringCGLIB$$0.cacheManager(<generated>)
	at icu.baidu.aria2.config.CacheConfig__BeanDefinitions.lambda$getCacheManagerInstanceSupplier$0(CacheConfig__BeanDefinitions.java:30)
	at org.springframework.util.function.ThrowingFunction.apply(ThrowingFunction.java:63)
	at org.springframework.util.function.ThrowingFunction.apply(ThrowingFunction.java:51)
	at org.springframework.beans.factory.aot.BeanInstanceSupplier.lambda$withGenerator$0(BeanInstanceSupplier.java:173)
	at org.springframework.util.function.ThrowingBiFunction.apply(ThrowingBiFunction.java:68)
	at org.springframework.util.function.ThrowingBiFunction.apply(ThrowingBiFunction.java:54)
	at org.springframework.beans.factory.aot.BeanInstanceSupplier.lambda$get$2(BeanInstanceSupplier.java:208)
	at org.springframework.util.function.ThrowingSupplier.get(ThrowingSupplier.java:59)
	at org.springframework.util.function.ThrowingSupplier.get(ThrowingSupplier.java:47)
	at org.springframework.beans.factory.aot.BeanInstanceSupplier.invokeBeanSupplier(BeanInstanceSupplier.java:220)
	at org.springframework.beans.factory.aot.BeanInstanceSupplier.get(BeanInstanceSupplier.java:208)
	at org.springframework.beans.factory.support.AbstractAutowireCapableBeanFactory.obtainInstanceFromSupplier(AbstractAutowireCapableBeanFactory.java:1225)
	... 18 common frames omitted
Caused by: java.lang.ClassNotFoundException: com.github.benmanes.caffeine.cache.SSSMSW
	at java.base@17.0.5/java.lang.Class.forName(DynamicHub.java:1132)
	at java.base@17.0.5/java.lang.Class.forName(DynamicHub.java:1105)
	at com.github.benmanes.caffeine.cache.LocalCacheFactory.loadFactory(LocalCacheFactory.java:84)
	... 40 common frames omitted
